
ROM used:   6660/16384 (41%)
            6660/16384 (41%) including unused fragments

            1.7 Average locations per line
            8.3 Average locations per statement

RAM used:   67/768 (9%) at main() level
            135/768 (18%) worst case

Stack used: 3 worst case (2 in main + 1 for interrupts)
Stack size: 31

Lines Stmts  %   Files
----- ----- ---  -----
  193    71   9  main.c
  753     0   0  C:\Program Files (x86)\PICCV5025\Devices\18F2480.h
  465   137  17  C:\Program Files (x86)\PICCV5025\Drivers\can-18xxx8.c
  377     0   0  C:\Program Files (x86)\PICCV5025\Drivers\can-18xxx8.h
  244   111  14  sht71.c
 1351   359  45  C:\Program Files (x86)\PICCV5025\Drivers\stdlib.h
   32     0   0  C:\Program Files (x86)\PICCV5025\Drivers\stddef.h
  423   125  16  C:\Program Files (x86)\PICCV5025\Drivers\string.h
   28     0   0  C:\Program Files (x86)\PICCV5025\Drivers\ctype.h
----- -----
 3866   803 Total

Page ROM  %  RAM    Vol Diff  Functions:
---- --- --- ---    --- ----  ----------
0     38   0    1             @delay_ms1
0    220   2    1   1216  5.3  can_init
0     48   0    0    255  2.3  can_set_baud
0     34   0    2     76  3.1  can_set_mode
0    304   2   13   1128  6.5  can_set_id
0    482   4   14    762  9.7  can_get_id
0    194   1   17   1074  8.6  can_putd
 Inline        14   1623  7.2  can_getd
0     72   1    0    380  1.9  comstart
0    106   1    5    682  6.9  comwrite
0    172   1    3   1280  6.6  comread
0     56   0    2    225  5.0  comwait
0     68   1    1    290  3.7  comreset
0     40   0    4    163  3.1  measuretemp
0     40   0    4    170  3.1  measurehumid
 Inline        28    386  5.1  calculate_data
0     54   0    2             @ITOF
0    242   2   11             @MULFF
0    618   5   16             @ADDFF
 Inline        16    228  3.0  sht_rd
0     12   0    0     69  1.6  sht_init
0     12   0    0     17  1.3  isr_timer2
0   2338  18   34   4512  9.8  MAIN
0     36   0    0             @const1211
0     34   0    2             @PSTRINGC_38400_31766_31767
0     14   0    0             @const1213
0     26   0    0             @const1214
0     32   0    3             @PSTRINGCN_38400_31766_31767
0     64   0    5             @FTOSD
0    142   1   13             @DIV3232
0    384   3   13             @PRINTF_L32D_38400_31766_31767FPFPF
0     24   0    0             @const1225
0     38   0    0             @const1226
0     40   0    3             @DIV88
0    108   1    2             @PRINTF_U_38400_31766_31767
0    166   1   12             @PRINTF_L32U_38400_31766_31767
0     30   0    0             @const1235
0     14   0    0             @const1236
0     66   0    2             @PRINTF_X_38400_31766_31767
0     18   0    0             @const1242
0     26   0    0             @const1243
0     34   0    0             @const1244
0     26   0    0             @const1247
0     18   0    0             @const1248
 Inline         0             @cinit1

Program metrics:
    Functions               19
    Statements              803
    Comments                1882
    Volume (V)              22630
    Difficulty (D)          93.0
    Effort to implement (E) 2104692
    Time to implement (T)   32 hours, 29 minutes
    Est Delivered Bugs (B)  5
    Cyclomatic Complexity   29
    Maintainability (MI)    87

 Segment     Used  Free
-----------  ----  ----
00000-00002     4  0  
00004-00006     0  4  
00008-000AC   166  0  
000AE-03FFE  6490  9720  



